<?xml version="1.0" encoding="UTF-8"?>
<testng-results skipped="0" failed="0" ignored="0" total="1" passed="1">
  <reporter-output>
  </reporter-output>
  <suite name="Suite" duration-ms="192592" started-at="2021-03-12T18:13:59 IST" finished-at="2021-03-12T18:17:12 IST">
    <groups>
    </groups>
    <test name="Test" duration-ms="192592" started-at="2021-03-12T18:13:59 IST" finished-at="2021-03-12T18:17:12 IST">
      <class name="sudipJenkins.sudiptestng">
        <test-method status="PASS" signature="startTest()[pri:0, instance:sudipJenkins.sudiptestng@c46bcd4]" name="startTest" is-config="true" duration-ms="5741" started-at="2021-03-12T18:14:00 IST" finished-at="2021-03-12T18:14:06 IST">
          <reporter-output>
          </reporter-output>
        </test-method> <!-- startTest -->
        <test-method status="PASS" signature="beforeMethod()[pri:0, instance:sudipJenkins.sudiptestng@c46bcd4]" name="beforeMethod" is-config="true" duration-ms="142428" started-at="2021-03-12T18:14:06 IST" finished-at="2021-03-12T18:16:28 IST">
          <reporter-output>
          </reporter-output>
        </test-method> <!-- beforeMethod -->
        <test-method status="PASS" signature="Login()[pri:0, instance:sudipJenkins.sudiptestng@c46bcd4]" name="Login" duration-ms="22354" started-at="2021-03-12T18:16:28 IST" finished-at="2021-03-12T18:16:50 IST">
          <reporter-output>
          </reporter-output>
        </test-method> <!-- Login -->
        <test-method status="PASS" signature="afterMethod()[pri:0, instance:sudipJenkins.sudiptestng@c46bcd4]" name="afterMethod" is-config="true" duration-ms="10496" started-at="2021-03-12T18:16:51 IST" finished-at="2021-03-12T18:17:01 IST">
          <reporter-output>
          </reporter-output>
        </test-method> <!-- afterMethod -->
        <test-method status="PASS" signature="endTest()[pri:0, instance:sudipJenkins.sudiptestng@c46bcd4]" name="endTest" is-config="true" duration-ms="10675" started-at="2021-03-12T18:17:01 IST" finished-at="2021-03-12T18:17:12 IST">
          <reporter-output>
          </reporter-output>
        </test-method> <!-- endTest -->
      </class> <!-- sudipJenkins.sudiptestng -->
    </test> <!-- Test -->
  </suite> <!-- Suite -->
</testng-results>
